%Polygon
11 600.0 0.0
6 0.0 0.0
0 0.0 300.0
2 90.0 300.0
10 90.0 90.0
8 510.0 90.0
3 510.0 300.0
5 600.0 300.0
%Skeleton
0 0.0 300.0 1 -1 
1 45.0 255.0 0 2 7 -1 
2 90.0 300.0 1 -1 
3 510.0 300.0 4 -1 
4 555.0 255.0 3 5 9 -1 
5 600.0 300.0 4 -1 
6 0.0 0.0 7 -1 
7 45.0 45.0 6 1 10 9 -1 
8 510.0 90.0 9 -1 
9 555.0 45.0 8 4 11 7 -1 
10 90.0 90.0 7 -1 
11 600.0 0.0 9 -1 
%Tree
0 0 2 -1 
0 1 2 -1 
0 2 0 1 6 -1 
0 3 5 -1 
0 4 5 -1 
0 5 3 4 6 -1 
0 6 2 5 14 66 -1 
0 7 9 -1 
0 8 9 -1 
0 9 7 8 13 -1 
0 10 12 -1 
0 11 12 -1 
0 12 10 11 13 -1 
0 13 9 12 14 -1 
0 14 6 13 30 65 -1 
0 15 17 -1 
0 16 17 -1 
0 17 15 16 21 -1 
0 18 20 -1 
0 19 20 -1 
0 20 18 19 21 -1 
0 21 17 20 29 68 -1 
0 22 24 -1 
0 23 24 -1 
0 24 22 23 28 -1 
0 25 27 -1 
0 26 27 -1 
0 27 25 26 28 -1 
0 28 24 27 29 -1 
0 29 21 28 30 67 -1 
0 30 14 29 62 64 -1 
0 31 33 -1 
0 32 33 -1 
0 33 31 32 37 -1 
0 34 36 -1 
0 35 36 -1 
0 36 34 35 37 -1 
0 37 33 36 45 71 -1 
0 38 40 -1 
0 39 40 -1 
0 40 38 39 44 -1 
0 41 43 -1 
0 42 43 -1 
0 43 41 42 44 -1 
0 44 40 43 45 -1 
0 45 37 44 61 70 -1 
0 46 48 -1 
0 47 48 -1 
0 48 46 47 52 -1 
0 49 51 -1 
0 50 51 -1 
0 51 49 50 52 -1 
0 52 48 51 60 73 -1 
0 53 55 -1 
0 54 55 -1 
0 55 53 54 59 -1 
0 56 58 -1 
0 57 58 -1 
0 58 56 57 59 -1 
0 59 55 58 60 -1 
0 60 52 59 61 72 -1 
0 61 45 60 62 69 -1 
0 62 30 61 63 -1 
3 63 62 -1 
3 64 30 -1 
3 65 14 -1 
3 66 6 -1 
3 67 29 -1 
3 68 21 -1 
3 69 61 -1 
3 70 45 -1 
3 71 37 -1 
3 72 60 -1 
3 73 52 -1 
%PrelocatedNodes
62 300.0 45.0
30 45.0 150.0
14 22.5 22.5
6 67.5 67.5
29 22.5 277.5
21 67.5 277.5
61 555.0 150.0
45 577.5 22.5
37 532.5 67.5
60 577.5 277.5
52 532.5 277.5
%FixedNodes
63 300.0 45.0
64 45.0 150.0
65 22.5 22.5
66 67.5 67.5
67 22.5 277.5
68 67.5 277.5
69 555.0 150.0
70 577.5 22.5
71 532.5 67.5
72 577.5 277.5
73 532.5 277.5
%EndOfFile