%Polygon
11 600.0 0.0
6 0.0 0.0
0 0.0 300.0
2 90.0 300.0
10 90.0 90.0
8 510.0 90.0
3 510.0 300.0
5 600.0 300.0
%Skeleton
0 0.0 300.0 1 -1 
1 45.0 255.0 0 2 7 -1 
2 90.0 300.0 1 -1 
3 510.0 300.0 4 -1 
4 555.0 255.0 3 5 9 -1 
5 600.0 300.0 4 -1 
6 0.0 0.0 7 -1 
7 45.0 45.0 6 1 10 9 -1 
8 510.0 90.0 9 -1 
9 555.0 45.0 8 4 11 7 -1 
10 90.0 90.0 7 -1 
11 600.0 0.0 9 -1 
%Tree
0 0 2 9 -1 
0 1 2 10 -1 
0 2 0 6 1 8 -1 
0 3 6 4 5 11 -1 
0 4 3 12 -1 
0 5 3 13 -1 
1 6 2 3 7 -1 
3 7 6 -1 
3 8 2 -1 
3 9 0 -1 
3 10 1 -1 
3 11 3 -1 
3 12 4 -1 
3 13 5 -1 
%PrelocatedNodes
6 300.0 45.0
2 45.0 150.0
0 22.5 22.5
1 22.5 277.5
3 555.0 150.0
4 577.5 22.5
5 577.5 277.5
%FixedNodes
7 300.0 45.0
8 45.0 150.0
9 22.5 22.5
10 22.5 277.5
11 555.0 150.0
12 577.5 22.5
13 577.5 277.5
%EndOfFile