%Polygon
2 50.0 100.0
10 50.0 50.0
8 150.0 50.0
3 150.0 100.0
5 200.0 100.0
11 200.0 0.0
6 0.0 0.0
0 0.0 100.0
%Skeleton
0 0.0 100.0 1 -1 
1 25.0 75.0 0 2 7 -1 
2 50.0 100.0 1 -1 
3 150.0 100.0 4 -1 
4 175.0 75.0 3 5 9 -1 
5 200.0 100.0 4 -1 
6 0.0 0.0 7 -1 
7 25.0 25.0 6 1 10 9 -1 
8 150.0 50.0 9 -1 
9 175.0 25.0 8 4 11 7 -1 
10 50.0 50.0 7 -1 
11 200.0 0.0 9 -1 
%Tree
0 0 2 9 -1 
0 1 2 10 -1 
0 2 0 6 1 8 -1 
0 3 6 4 5 11 -1 
0 4 3 12 -1 
0 5 3 13 -1 
1 6 2 3 7 -1 
3 7 6 -1 
3 8 2 -1 
3 9 0 -1 
3 10 1 -1 
3 11 3 -1 
3 12 4 -1 
3 13 5 -1 
%PrelocatedNodes
6 100.0 25.0
2 25.0 50.0
0 12.5 12.5
1 12.5 87.5
3 175.0 50.0
4 187.5 12.5
5 187.5 87.5
%FixedNodes
7 100.0 25.0
8 25.0 50.0
9 12.5 12.5
10 12.5 87.5
11 175.0 50.0
12 187.5 12.5
13 187.5 87.5
%EndOfFile