%Polygon
11 600.0 0.0
6 0.0 0.0
0 0.0 300.0
2 90.0 300.0
10 90.0 90.0
8 510.0 90.0
3 510.0 300.0
5 600.0 300.0
%Skeleton
0 0.0 300.0 1 -1 
1 45.0 255.0 0 2 7 -1 
2 90.0 300.0 1 -1 
3 510.0 300.0 4 -1 
4 555.0 255.0 3 5 9 -1 
5 600.0 300.0 4 -1 
6 0.0 0.0 7 -1 
7 45.0 45.0 6 1 10 9 -1 
8 510.0 90.0 9 -1 
9 555.0 45.0 8 4 11 7 -1 
10 90.0 90.0 7 -1 
11 600.0 0.0 9 -1 
%Tree
0 0 2 -1 
0 1 2 -1 
0 2 0 1 6 -1 
0 3 5 -1 
0 4 5 -1 
0 5 3 4 6 -1 
0 6 2 5 14 -1 
0 7 9 -1 
0 8 9 -1 
0 9 7 8 13 -1 
0 10 12 -1 
0 11 12 -1 
0 12 10 11 13 -1 
0 13 9 12 14 -1 
0 14 6 13 30 -1 
0 15 17 -1 
0 16 17 -1 
0 17 15 16 21 -1 
0 18 20 -1 
0 19 20 -1 
0 20 18 19 21 -1 
0 21 17 20 29 -1 
0 22 24 -1 
0 23 24 -1 
0 24 22 23 28 -1 
0 25 27 -1 
0 26 27 -1 
0 27 25 26 28 -1 
0 28 24 27 29 -1 
0 29 21 28 30 -1 
0 30 14 29 62 263 -1 
0 31 33 -1 
0 32 33 -1 
0 33 31 32 37 -1 
0 34 36 -1 
0 35 36 -1 
0 36 34 35 37 -1 
0 37 33 36 45 -1 
0 38 40 -1 
0 39 40 -1 
0 40 38 39 44 -1 
0 41 43 -1 
0 42 43 -1 
0 43 41 42 44 -1 
0 44 40 43 45 -1 
0 45 37 44 61 -1 
0 46 48 -1 
0 47 48 -1 
0 48 46 47 52 -1 
0 49 51 -1 
0 50 51 -1 
0 51 49 50 52 -1 
0 52 48 51 60 -1 
0 53 55 -1 
0 54 55 -1 
0 55 53 54 59 -1 
0 56 58 -1 
0 57 58 -1 
0 58 56 57 59 -1 
0 59 55 58 60 -1 
0 60 52 59 61 -1 
0 61 45 60 62 -1 
0 62 30 61 126 262 -1 
0 63 65 -1 
0 64 65 -1 
0 65 63 64 69 -1 
0 66 68 -1 
0 67 68 -1 
0 68 66 67 69 -1 
0 69 65 68 77 -1 
0 70 72 -1 
0 71 72 -1 
0 72 70 71 76 -1 
0 73 75 -1 
0 74 75 -1 
0 75 73 74 76 -1 
0 76 72 75 77 -1 
0 77 69 76 93 -1 
0 78 80 -1 
0 79 80 -1 
0 80 78 79 84 -1 
0 81 83 -1 
0 82 83 -1 
0 83 81 82 84 -1 
0 84 80 83 92 -1 
0 85 87 -1 
0 86 87 -1 
0 87 85 86 91 -1 
0 88 90 -1 
0 89 90 -1 
0 90 88 89 91 -1 
0 91 87 90 92 -1 
0 92 84 91 93 -1 
0 93 77 92 125 265 -1 
0 94 96 -1 
0 95 96 -1 
0 96 94 95 100 -1 
0 97 99 -1 
0 98 99 -1 
0 99 97 98 100 -1 
0 100 96 99 108 -1 
0 101 103 -1 
0 102 103 -1 
0 103 101 102 107 -1 
0 104 106 -1 
0 105 106 -1 
0 106 104 105 107 -1 
0 107 103 106 108 -1 
0 108 100 107 124 -1 
0 109 111 -1 
0 110 111 -1 
0 111 109 110 115 -1 
0 112 114 -1 
0 113 114 -1 
0 114 112 113 115 -1 
0 115 111 114 123 -1 
0 116 118 -1 
0 117 118 -1 
0 118 116 117 122 -1 
0 119 121 -1 
0 120 121 -1 
0 121 119 120 122 -1 
0 122 118 121 123 -1 
0 123 115 122 124 -1 
0 124 108 123 125 -1 
0 125 93 124 126 264 -1 
0 126 62 125 254 261 -1 
0 127 129 -1 
0 128 129 -1 
0 129 127 128 133 -1 
0 130 132 -1 
0 131 132 -1 
0 132 130 131 133 -1 
0 133 129 132 141 -1 
0 134 136 -1 
0 135 136 -1 
0 136 134 135 140 -1 
0 137 139 -1 
0 138 139 -1 
0 139 137 138 140 -1 
0 140 136 139 141 -1 
0 141 133 140 157 -1 
0 142 144 -1 
0 143 144 -1 
0 144 142 143 148 -1 
0 145 147 -1 
0 146 147 -1 
0 147 145 146 148 -1 
0 148 144 147 156 -1 
0 149 151 -1 
0 150 151 -1 
0 151 149 150 155 -1 
0 152 154 -1 
0 153 154 -1 
0 154 152 153 155 -1 
0 155 151 154 156 -1 
0 156 148 155 157 -1 
0 157 141 156 189 258 -1 
0 158 160 -1 
0 159 160 -1 
0 160 158 159 164 -1 
0 161 163 -1 
0 162 163 -1 
0 163 161 162 164 -1 
0 164 160 163 172 -1 
0 165 167 -1 
0 166 167 -1 
0 167 165 166 171 -1 
0 168 170 -1 
0 169 170 -1 
0 170 168 169 171 -1 
0 171 167 170 172 -1 
0 172 164 171 188 -1 
0 173 175 -1 
0 174 175 -1 
0 175 173 174 179 -1 
0 176 178 -1 
0 177 178 -1 
0 178 176 177 179 -1 
0 179 175 178 187 -1 
0 180 182 -1 
0 181 182 -1 
0 182 180 181 186 -1 
0 183 185 -1 
0 184 185 -1 
0 185 183 184 186 -1 
0 186 182 185 187 -1 
0 187 179 186 188 -1 
0 188 172 187 189 -1 
0 189 157 188 253 257 -1 
0 190 192 -1 
0 191 192 -1 
0 192 190 191 196 -1 
0 193 195 -1 
0 194 195 -1 
0 195 193 194 196 -1 
0 196 192 195 204 -1 
0 197 199 -1 
0 198 199 -1 
0 199 197 198 203 -1 
0 200 202 -1 
0 201 202 -1 
0 202 200 201 203 -1 
0 203 199 202 204 -1 
0 204 196 203 220 -1 
0 205 207 -1 
0 206 207 -1 
0 207 205 206 211 -1 
0 208 210 -1 
0 209 210 -1 
0 210 208 209 211 -1 
0 211 207 210 219 -1 
0 212 214 -1 
0 213 214 -1 
0 214 212 213 218 -1 
0 215 217 -1 
0 216 217 -1 
0 217 215 216 218 -1 
0 218 214 217 219 -1 
0 219 211 218 220 -1 
0 220 204 219 252 260 -1 
0 221 223 -1 
0 222 223 -1 
0 223 221 222 227 -1 
0 224 226 -1 
0 225 226 -1 
0 226 224 225 227 -1 
0 227 223 226 235 -1 
0 228 230 -1 
0 229 230 -1 
0 230 228 229 234 -1 
0 231 233 -1 
0 232 233 -1 
0 233 231 232 234 -1 
0 234 230 233 235 -1 
0 235 227 234 251 -1 
0 236 238 -1 
0 237 238 -1 
0 238 236 237 242 -1 
0 239 241 -1 
0 240 241 -1 
0 241 239 240 242 -1 
0 242 238 241 250 -1 
0 243 245 -1 
0 244 245 -1 
0 245 243 244 249 -1 
0 246 248 -1 
0 247 248 -1 
0 248 246 247 249 -1 
0 249 245 248 250 -1 
0 250 242 249 251 -1 
0 251 235 250 252 -1 
0 252 220 251 253 259 -1 
0 253 189 252 254 256 -1 
0 254 253 126 255 -1 
3 255 254 -1 
3 256 253 -1 
3 257 189 -1 
3 258 157 -1 
3 259 252 -1 
3 260 220 -1 
3 261 126 -1 
3 262 62 -1 
3 263 30 -1 
3 264 125 -1 
3 265 93 -1 
%PrelocatedNodes
254 300.0 45.0
253 45.0 150.0
189 22.5 22.5
157 67.5 67.5
252 22.5 277.5
220 67.5 277.5
126 555.0 150.0
62 577.5 22.5
30 532.5 67.5
125 577.5 277.5
93 532.5 277.5
%FixedNodes
255 300.0 45.0
256 45.0 150.0
257 22.5 22.5
258 67.5 67.5
259 22.5 277.5
260 67.5 277.5
261 555.0 150.0
262 577.5 22.5
263 532.5 67.5
264 577.5 277.5
265 532.5 277.5
%EndOfFile