%Polygon
11 600.0 0.0
6 0.0 0.0
0 0.0 300.0
2 90.0 300.0
10 90.0 90.0
8 510.0 90.0
3 510.0 300.0
5 600.0 300.0
%Skeleton
0 0.0 300.0 1 -1 
1 45.0 255.0 0 2 7 -1 
2 90.0 300.0 1 -1 
3 510.0 300.0 4 -1 
4 555.0 255.0 3 5 9 -1 
5 600.0 300.0 4 -1 
6 0.0 0.0 7 -1 
7 45.0 45.0 6 1 10 9 -1 
8 510.0 90.0 9 -1 
9 555.0 45.0 8 4 11 7 -1 
10 90.0 90.0 7 -1 
11 600.0 0.0 9 -1 
%Tree
0 0 1 6 11 16 21 -1 
0 1 0 2 3 4 5 22 -1 
0 2 1 -1 
0 3 1 -1 
0 4 1 -1 
0 5 1 -1 
0 6 0 7 8 9 10 23 -1 
0 7 6 -1 
0 8 6 -1 
0 9 6 -1 
0 10 6 -1 
0 11 0 12 13 14 15 24 -1 
0 12 11 -1 
0 13 11 -1 
0 14 11 -1 
0 15 11 -1 
0 16 0 17 18 19 20 25 -1 
0 17 16 -1 
0 18 16 -1 
0 19 16 -1 
0 20 16 -1 
3 21 0 -1 
3 22 1 -1 
3 23 6 -1 
3 24 11 -1 
3 25 16 -1 
%PrelocatedNodes
0 300.0 45.0
1 22.5 22.5
6 22.5 277.5
11 577.5 22.5
16 577.5 277.5
%FixedNodes
21 300.0 45.0
22 22.5 22.5
23 22.5 277.5
24 577.5 22.5
25 577.5 277.5
%EndOfFile