%Polygon
11 600.0 0.0
6 0.0 0.0
0 0.0 300.0
2 90.0 300.0
10 90.0 90.0
8 510.0 90.0
3 510.0 300.0
5 600.0 300.0
%Skeleton
0 0.0 300.0 1 -1 
1 45.0 255.0 0 2 7 -1 
2 90.0 300.0 1 -1 
3 510.0 300.0 4 -1 
4 555.0 255.0 3 5 9 -1 
5 600.0 300.0 4 -1 
6 0.0 0.0 7 -1 
7 45.0 45.0 6 1 10 9 -1 
8 510.0 90.0 9 -1 
9 555.0 45.0 8 4 11 7 -1 
10 90.0 90.0 7 -1 
11 600.0 0.0 9 -1 
%Tree
0 0 1 16 31 -1 
0 1 2 9 0 32 -1 
0 2 3 6 1 33 -1 
0 3 4 5 2 34 -1 
0 4 3 -1 
0 5 3 -1 
0 6 7 8 2 -1 
0 7 6 -1 
0 8 6 -1 
0 9 10 13 1 35 -1 
0 10 11 12 9 36 -1 
0 11 10 -1 
0 12 10 -1 
0 13 14 15 9 -1 
0 14 13 -1 
0 15 13 -1 
0 16 17 24 0 37 -1 
0 17 18 21 16 38 -1 
0 18 19 20 17 39 -1 
0 19 18 -1 
0 20 18 -1 
0 21 22 23 17 -1 
0 22 21 -1 
0 23 21 -1 
0 24 25 28 16 40 -1 
0 25 26 27 24 41 -1 
0 26 25 -1 
0 27 25 -1 
0 28 29 30 24 -1 
0 29 28 -1 
0 30 28 -1 
3 31 0 -1 
3 32 1 -1 
3 33 2 -1 
3 34 3 -1 
3 35 9 -1 
3 36 10 -1 
3 37 16 -1 
3 38 17 -1 
3 39 18 -1 
3 40 24 -1 
3 41 25 -1 
%PrelocatedNodes
0 300.0 45.0
1 45.0 150.0
2 22.5 22.5
3 67.5 67.5
9 22.5 277.5
10 67.5 277.5
16 555.0 150.0
17 577.5 22.5
18 532.5 67.5
24 577.5 277.5
25 532.5 277.5
%FixedNodes
31 300.0 45.0
32 45.0 150.0
33 22.5 22.5
34 67.5 67.5
35 22.5 277.5
36 67.5 277.5
37 555.0 150.0
38 577.5 22.5
39 532.5 67.5
40 577.5 277.5
41 532.5 277.5
%EndOfFile