%Polygon
11 600.0 0.0
6 0.0 0.0
0 0.0 300.0
2 90.0 300.0
10 90.0 90.0
8 510.0 90.0
3 510.0 300.0
5 600.0 300.0
%Skeleton
0 0.0 300.0 1 -1 
1 45.0 255.0 0 2 7 -1 
2 90.0 300.0 1 -1 
3 510.0 300.0 4 -1 
4 555.0 255.0 3 5 9 -1 
5 600.0 300.0 4 -1 
6 0.0 0.0 7 -1 
7 45.0 45.0 6 1 10 9 -1 
8 510.0 90.0 9 -1 
9 555.0 45.0 8 4 11 7 -1 
10 90.0 90.0 7 -1 
11 600.0 0.0 9 -1 
%Tree
0 0 1 8 15 -1 
0 1 0 2 5 16 -1 
0 2 1 3 4 17 -1 
0 3 2 18 -1 
0 4 2 -1 
0 5 1 6 7 19 -1 
0 6 5 20 -1 
0 7 5 -1 
0 8 0 9 12 21 -1 
0 9 8 10 11 22 -1 
0 10 9 23 -1 
0 11 9 -1 
0 12 8 13 14 24 -1 
0 13 12 25 -1 
0 14 12 -1 
3 15 0 -1 
3 16 1 -1 
3 17 2 -1 
3 18 3 -1 
3 19 5 -1 
3 20 6 -1 
3 21 8 -1 
3 22 9 -1 
3 23 10 -1 
3 24 12 -1 
3 25 13 -1 
%PrelocatedNodes
0 300.0 45.0
1 45.0 150.0
2 22.5 22.5
3 67.5 67.5
5 22.5 277.5
6 67.5 277.5
8 555.0 150.0
9 577.5 22.5
10 532.5 67.5
12 577.5 277.5
13 532.5 277.5
%FixedNodes
15 300.0 45.0
16 45.0 150.0
17 22.5 22.5
18 67.5 67.5
19 22.5 277.5
20 67.5 277.5
21 555.0 150.0
22 577.5 22.5
23 532.5 67.5
24 577.5 277.5
25 532.5 277.5
%EndOfFile